<?xml version="1.0" encoding="UTF-8"?>
<testng-results skipped="0" failed="2" total="6" passed="4">
  <reporter-output>
  </reporter-output>
  <suite name="Default suite" duration-ms="3960" started-at="2018-06-05T15:52:28Z" finished-at="2018-06-05T15:52:32Z">
    <groups>
    </groups>
    <test name="Default test" duration-ms="3960" started-at="2018-06-05T15:52:28Z" finished-at="2018-06-05T15:52:32Z">
      <class name="com.splunk.test.SplunkAPITest">
        <test-method status="FAIL" signature="sameMovieImage()[pri:0, instance:com.splunk.test.SplunkAPITest@643b1d11]" name="sameMovieImage" duration-ms="1043" started-at="2018-06-05T08:52:28Z" finished-at="2018-06-05T08:52:29Z">
          <exception class="java.lang.AssertionError">
            <message>
              <![CDATA[expected [true] but found [false]]]>
            </message>
            <full-stacktrace>
              <![CDATA[java.lang.AssertionError: expected [true] but found [false]
	at org.testng.Assert.fail(Assert.java:94)
	at org.testng.Assert.failNotEquals(Assert.java:494)
	at org.testng.Assert.assertEquals(Assert.java:123)
	at org.testng.Assert.assertEquals(Assert.java:286)
	at org.testng.Assert.assertEquals(Assert.java:296)
	at com.splunk.test.SplunkAPITest.sameMovieImage(SplunkAPITest.java:41)
	at sun.reflect.NativeMethodAccessorImpl.invoke0(Native Method)
	at sun.reflect.NativeMethodAccessorImpl.invoke(NativeMethodAccessorImpl.java:62)
	at sun.reflect.DelegatingMethodAccessorImpl.invoke(DelegatingMethodAccessorImpl.java:43)
	at java.lang.reflect.Method.invoke(Method.java:498)
	at org.testng.internal.MethodInvocationHelper.invokeMethod(MethodInvocationHelper.java:80)
	at org.testng.internal.Invoker.invokeMethod(Invoker.java:714)
	at org.testng.internal.Invoker.invokeTestMethod(Invoker.java:901)
	at org.testng.internal.Invoker.invokeTestMethods(Invoker.java:1231)
	at org.testng.internal.TestMethodWorker.invokeTestMethods(TestMethodWorker.java:127)
	at org.testng.internal.TestMethodWorker.run(TestMethodWorker.java:111)
	at org.testng.TestRunner.privateRun(TestRunner.java:767)
	at org.testng.TestRunner.run(TestRunner.java:617)
	at org.testng.SuiteRunner.runTest(SuiteRunner.java:334)
	at org.testng.SuiteRunner.runSequentially(SuiteRunner.java:329)
	at org.testng.SuiteRunner.privateRun(SuiteRunner.java:291)
	at org.testng.SuiteRunner.run(SuiteRunner.java:240)
	at org.testng.SuiteRunnerWorker.runSuite(SuiteRunnerWorker.java:52)
	at org.testng.SuiteRunnerWorker.run(SuiteRunnerWorker.java:86)
	at org.testng.TestNG.runSuitesSequentially(TestNG.java:1198)
	at org.testng.TestNG.runSuitesLocally(TestNG.java:1123)
	at org.testng.TestNG.run(TestNG.java:1031)
	at org.testng.remote.AbstractRemoteTestNG.run(AbstractRemoteTestNG.java:114)
	at org.testng.remote.RemoteTestNG.initAndRun(RemoteTestNG.java:251)
	at org.testng.remote.RemoteTestNG.main(RemoteTestNG.java:77)
]]>
            </full-stacktrace>
          </exception> <!-- java.lang.AssertionError -->
          <reporter-output>
          </reporter-output>
        </test-method> <!-- sameMovieImage -->
        <test-method status="PASS" signature="validLink()[pri:0, instance:com.splunk.test.SplunkAPITest@643b1d11]" name="validLink" duration-ms="1392" started-at="2018-06-05T08:52:29Z" finished-at="2018-06-05T08:52:30Z">
          <reporter-output>
          </reporter-output>
        </test-method> <!-- validLink -->
        <test-method status="FAIL" signature="sortedGenreIds()[pri:0, instance:com.splunk.test.SplunkAPITest@643b1d11]" name="sortedGenreIds" duration-ms="372" started-at="2018-06-05T08:52:30Z" finished-at="2018-06-05T08:52:30Z">
          <exception class="java.lang.AssertionError">
            <message>
              <![CDATA[expected [true] but found [false]]]>
            </message>
            <full-stacktrace>
              <![CDATA[java.lang.AssertionError: expected [true] but found [false]
	at org.testng.Assert.fail(Assert.java:94)
	at org.testng.Assert.failNotEquals(Assert.java:494)
	at org.testng.Assert.assertEquals(Assert.java:123)
	at org.testng.Assert.assertEquals(Assert.java:286)
	at org.testng.Assert.assertEquals(Assert.java:296)
	at com.splunk.test.SplunkAPITest.sortedGenreIds(SplunkAPITest.java:57)
	at sun.reflect.NativeMethodAccessorImpl.invoke0(Native Method)
	at sun.reflect.NativeMethodAccessorImpl.invoke(NativeMethodAccessorImpl.java:62)
	at sun.reflect.DelegatingMethodAccessorImpl.invoke(DelegatingMethodAccessorImpl.java:43)
	at java.lang.reflect.Method.invoke(Method.java:498)
	at org.testng.internal.MethodInvocationHelper.invokeMethod(MethodInvocationHelper.java:80)
	at org.testng.internal.Invoker.invokeMethod(Invoker.java:714)
	at org.testng.internal.Invoker.invokeTestMethod(Invoker.java:901)
	at org.testng.internal.Invoker.invokeTestMethods(Invoker.java:1231)
	at org.testng.internal.TestMethodWorker.invokeTestMethods(TestMethodWorker.java:127)
	at org.testng.internal.TestMethodWorker.run(TestMethodWorker.java:111)
	at org.testng.TestRunner.privateRun(TestRunner.java:767)
	at org.testng.TestRunner.run(TestRunner.java:617)
	at org.testng.SuiteRunner.runTest(SuiteRunner.java:334)
	at org.testng.SuiteRunner.runSequentially(SuiteRunner.java:329)
	at org.testng.SuiteRunner.privateRun(SuiteRunner.java:291)
	at org.testng.SuiteRunner.run(SuiteRunner.java:240)
	at org.testng.SuiteRunnerWorker.runSuite(SuiteRunnerWorker.java:52)
	at org.testng.SuiteRunnerWorker.run(SuiteRunnerWorker.java:86)
	at org.testng.TestNG.runSuitesSequentially(TestNG.java:1198)
	at org.testng.TestNG.runSuitesLocally(TestNG.java:1123)
	at org.testng.TestNG.run(TestNG.java:1031)
	at org.testng.remote.AbstractRemoteTestNG.run(AbstractRemoteTestNG.java:114)
	at org.testng.remote.RemoteTestNG.initAndRun(RemoteTestNG.java:251)
	at org.testng.remote.RemoteTestNG.main(RemoteTestNG.java:77)
]]>
            </full-stacktrace>
          </exception> <!-- java.lang.AssertionError -->
          <reporter-output>
          </reporter-output>
        </test-method> <!-- sortedGenreIds -->
        <test-method status="PASS" signature="atMostSeven()[pri:0, instance:com.splunk.test.SplunkAPITest@643b1d11]" name="atMostSeven" duration-ms="373" started-at="2018-06-05T08:52:30Z" finished-at="2018-06-05T08:52:31Z">
          <reporter-output>
          </reporter-output>
        </test-method> <!-- atMostSeven -->
        <test-method status="PASS" signature="conatinsPalindrome()[pri:0, instance:com.splunk.test.SplunkAPITest@643b1d11]" name="conatinsPalindrome" duration-ms="381" started-at="2018-06-05T08:52:31Z" finished-at="2018-06-05T08:52:31Z">
          <reporter-output>
          </reporter-output>
        </test-method> <!-- conatinsPalindrome -->
        <test-method status="PASS" signature="alLeastTwoContainsTitleUnderTitle()[pri:0, instance:com.splunk.test.SplunkAPITest@643b1d11]" name="alLeastTwoContainsTitleUnderTitle" duration-ms="368" started-at="2018-06-05T08:52:31Z" finished-at="2018-06-05T08:52:32Z">
          <reporter-output>
          </reporter-output>
        </test-method> <!-- alLeastTwoContainsTitleUnderTitle -->
      </class> <!-- com.splunk.test.SplunkAPITest -->
    </test> <!-- Default test -->
  </suite> <!-- Default suite -->
</testng-results>
